<?xml version="1.0" encoding="UTF-8"?>
<!-- Generated by org.testng.reporters.JUnitXMLReporter -->
<testsuite hostname="Dell" ignored="0" name="Test" tests="8" failures="0" timestamp="2022-01-27T11:44:26 IST" time="60.082" errors="0">
  <testcase name="registration" time="6.991" classname="com.nopcommerce.TestCases.TC_004_Registration"/>
  <testcase name="emailerror" time="0.089" classname="com.nopcommerce.TestCases.TC_004_Registration"/>
  <testcase name="registration" time="2.537" classname="com.nopcommerce.TestCases.TC_003_Registration"/>
  <testcase name="errormessages" time="0.047" classname="com.nopcommerce.TestCases.TC_003_Registration"/>
  <testcase name="registration" time="7.466" classname="com.nopcommerce.TestCases.TC_002_Registration"/>
  <testcase name="successpage" time="0.044" classname="com.nopcommerce.TestCases.TC_002_Registration"/>
  <testcase name="registration" time="6.693" classname="com.nopcommerce.TestCases.TC_001_Registration"/>
  <testcase name="successpage" time="0.037" classname="com.nopcommerce.TestCases.TC_001_Registration"/>
</testsuite> <!-- Test -->
